<?xml version="1.0" encoding="UTF-8"?>
<!-- Generated by org.testng.reporters.JUnitReportReporter -->
<testsuite hostname="Maddy_Janani" failures="0" tests="3" name="testCases.TC_003_LoginDDT" time="14.493" errors="0" timestamp="2023-10-20T15:12:14 EDT" skipped="0">
  <testcase classname="testCases.TC_003_LoginDDT" name="test_LoginDDT" time="1.560"/>
  <testcase classname="testCases.TC_003_LoginDDT" name="test_LoginDDT" time="2.356"/>
  <testcase classname="testCases.TC_003_LoginDDT" name="test_LoginDDT" time="10.577"/>
</testsuite> <!-- testCases.TC_003_LoginDDT -->
